<?xml version="1.0" encoding="UTF-8"?>
<testng-results ignored="0" total="1" passed="1" failed="0" skipped="0">
  <reporter-output>
  </reporter-output>
  <suite started-at="2022-09-14T21:56:42 EDT" name="Default suite" finished-at="2022-09-14T21:56:46 EDT" duration-ms="3898">
    <groups>
    </groups>
    <test started-at="2022-09-14T21:56:42 EDT" name="Default test" finished-at="2022-09-14T21:56:46 EDT" duration-ms="3898">
      <class name="numpyninja.Tests.DataStructureTest">
        <test-method is-config="true" signature="beforetest()[pri:0, instance:numpyninja.Tests.DataStructureTest@6d60fe40]" started-at="2022-09-14T21:56:42 EDT" name="beforetest" finished-at="2022-09-14T21:56:46 EDT" duration-ms="3169" status="PASS">
          <reporter-output>
          </reporter-output>
        </test-method> <!-- beforetest -->
        <test-method signature="dropdownclick()[pri:0, instance:numpyninja.Tests.DataStructureTest@6d60fe40]" started-at="2022-09-14T21:56:46 EDT" name="dropdownclick" finished-at="2022-09-14T21:56:46 EDT" duration-ms="498" status="PASS">
          <reporter-output>
          </reporter-output>
        </test-method> <!-- dropdownclick -->
      </class> <!-- numpyninja.Tests.DataStructureTest -->
    </test> <!-- Default test -->
  </suite> <!-- Default suite -->
</testng-results>
