<?xml version="1.0" encoding="UTF-8"?>
<testng-results ignored="0" total="3" passed="3" failed="0" skipped="0">
  <reporter-output>
  </reporter-output>
  <suite started-at="2022-09-26T17:11:35 EDT" name="Default suite" finished-at="2022-09-26T17:11:45 EDT" duration-ms="10614">
    <groups>
    </groups>
    <test started-at="2022-09-26T17:11:35 EDT" name="Default test" finished-at="2022-09-26T17:11:45 EDT" duration-ms="10614">
      <class name="numpyninja.Tests.GraphTest">
        <test-method is-config="true" signature="Graph()[pri:0, instance:numpyninja.Tests.GraphTest@7ae0a9ec]" started-at="2022-09-26T17:11:35 EDT" name="Graph" finished-at="2022-09-26T17:11:41 EDT" duration-ms="6378" status="PASS">
          <reporter-output>
          </reporter-output>
        </test-method> <!-- Graph -->
        <test-method signature="graphtopic()[pri:0, instance:numpyninja.Tests.GraphTest@7ae0a9ec]" started-at="2022-09-26T17:11:41 EDT" name="graphtopic" finished-at="2022-09-26T17:11:43 EDT" duration-ms="1584" status="PASS">
          <reporter-output>
          </reporter-output>
        </test-method> <!-- graphtopic -->
        <test-method signature="graphRep()[pri:1, instance:numpyninja.Tests.GraphTest@7ae0a9ec]" started-at="2022-09-26T17:11:43 EDT" name="graphRep" finished-at="2022-09-26T17:11:44 EDT" duration-ms="1203" status="PASS">
          <reporter-output>
          </reporter-output>
        </test-method> <!-- graphRep -->
        <test-method signature="practicequestions()[pri:2, instance:numpyninja.Tests.GraphTest@7ae0a9ec]" started-at="2022-09-26T17:11:44 EDT" name="practicequestions" finished-at="2022-09-26T17:11:45 EDT" duration-ms="646" status="PASS">
          <reporter-output>
          </reporter-output>
        </test-method> <!-- practicequestions -->
        <test-method is-config="true" signature="logout()[pri:0, instance:numpyninja.Tests.GraphTest@7ae0a9ec]" started-at="2022-09-26T17:11:45 EDT" name="logout" finished-at="2022-09-26T17:11:45 EDT" duration-ms="563" status="PASS">
          <reporter-output>
          </reporter-output>
        </test-method> <!-- logout -->
      </class> <!-- numpyninja.Tests.GraphTest -->
    </test> <!-- Default test -->
  </suite> <!-- Default suite -->
</testng-results>
