<?xml version="1.0" encoding="UTF-8"?>
<testng-results ignored="0" total="1" passed="1" failed="0" skipped="0">
  <reporter-output>
  </reporter-output>
  <suite started-at="2022-09-21T13:28:53 EDT" name="Default suite" finished-at="2022-09-21T13:28:56 EDT" duration-ms="2971">
    <groups>
    </groups>
    <test started-at="2022-09-21T13:28:53 EDT" name="Default test" finished-at="2022-09-21T13:28:56 EDT" duration-ms="2971">
      <class name="numpyninja.Tests.LandingPageTest">
        <test-method signature="goToPage()[pri:0, instance:numpyninja.Tests.LandingPageTest@5be46f9d]" started-at="2022-09-21T13:28:53 EDT" name="goToPage" finished-at="2022-09-21T13:28:56 EDT" duration-ms="2874" status="PASS">
          <reporter-output>
          </reporter-output>
        </test-method> <!-- goToPage -->
      </class> <!-- numpyninja.Tests.LandingPageTest -->
    </test> <!-- Default test -->
  </suite> <!-- Default suite -->
</testng-results>
