<?xml version="1.0" encoding="UTF-8"?>
<testng-results ignored="0" total="1" passed="1" failed="0" skipped="0">
  <reporter-output>
  </reporter-output>
  <suite started-at="2022-09-27T14:41:00 EDT" name="Default suite" finished-at="2022-09-27T14:41:05 EDT" duration-ms="4979">
    <groups>
    </groups>
    <test started-at="2022-09-27T14:41:00 EDT" name="Default test" finished-at="2022-09-27T14:41:05 EDT" duration-ms="4979">
      <class name="numpyninja.Tests.LandingPageTest">
        <test-method signature="goToPage()[pri:0, instance:numpyninja.Tests.LandingPageTest@5b247367]" started-at="2022-09-27T14:41:00 EDT" name="goToPage" finished-at="2022-09-27T14:41:05 EDT" duration-ms="4524" status="PASS">
          <reporter-output>
          </reporter-output>
        </test-method> <!-- goToPage -->
        <test-method is-config="true" signature="browserclose()[pri:0, instance:numpyninja.Tests.LandingPageTest@5b247367]" started-at="2022-09-27T14:41:05 EDT" name="browserclose" finished-at="2022-09-27T14:41:05 EDT" duration-ms="260" status="PASS">
          <reporter-output>
          </reporter-output>
        </test-method> <!-- browserclose -->
      </class> <!-- numpyninja.Tests.LandingPageTest -->
    </test> <!-- Default test -->
  </suite> <!-- Default suite -->
</testng-results>
