<?xml version="1.0" encoding="UTF-8"?>
<testng-results ignored="0" total="1" passed="1" failed="0" skipped="0">
  <reporter-output>
  </reporter-output>
  <suite started-at="2022-09-08T23:27:18 EDT" name="Suite" finished-at="2022-09-08T23:27:22 EDT" duration-ms="3287">
    <groups>
    </groups>
    <test started-at="2022-09-08T23:27:18 EDT" name="Test" finished-at="2022-09-08T23:27:22 EDT" duration-ms="3287">
      <class name="numpyninja.Tests.LandingPageTest">
        <test-method signature="goToPage()[pri:0, instance:numpyninja.Tests.LandingPageTest@5be46f9d]" started-at="2022-09-08T23:27:18 EDT" name="goToPage" finished-at="2022-09-08T23:27:22 EDT" duration-ms="3187" status="PASS">
          <reporter-output>
          </reporter-output>
        </test-method> <!-- goToPage -->
      </class> <!-- numpyninja.Tests.LandingPageTest -->
    </test> <!-- Test -->
  </suite> <!-- Suite -->
</testng-results>
