<?xml version="1.0" encoding="UTF-8"?>
<testng-results ignored="0" total="10" passed="10" failed="0" skipped="0">
  <reporter-output>
  </reporter-output>
  <suite started-at="2022-09-20T13:24:38 EDT" name="Default suite" finished-at="2022-09-20T13:24:45 EDT" duration-ms="7216">
    <groups>
    </groups>
    <test started-at="2022-09-20T13:24:38 EDT" name="Default test" finished-at="2022-09-20T13:24:45 EDT" duration-ms="7216">
      <class name="numpyninja.Tests.HomeTest">
        <test-method is-config="true" signature="beforetest()[pri:0, instance:numpyninja.Tests.HomeTest@7ae0a9ec]" started-at="2022-09-20T13:24:38 EDT" name="beforetest" finished-at="2022-09-20T13:24:42 EDT" duration-ms="3498" status="PASS">
          <reporter-output>
          </reporter-output>
        </test-method> <!-- beforetest -->
        <test-method signature="dropdownclick()[pri:0, instance:numpyninja.Tests.HomeTest@7ae0a9ec]" started-at="2022-09-20T13:24:42 EDT" name="dropdownclick" finished-at="2022-09-20T13:24:42 EDT" duration-ms="552" status="PASS">
          <reporter-output>
          </reporter-output>
        </test-method> <!-- dropdownclick -->
        <test-method signature="DSgetstarted()[pri:1, instance:numpyninja.Tests.HomeTest@7ae0a9ec]" started-at="2022-09-20T13:24:42 EDT" name="DSgetstarted" finished-at="2022-09-20T13:24:43 EDT" duration-ms="360" status="PASS">
          <reporter-output>
          </reporter-output>
        </test-method> <!-- DSgetstarted -->
        <test-method signature="Arraygetstarted()[pri:2, instance:numpyninja.Tests.HomeTest@7ae0a9ec]" started-at="2022-09-20T13:24:43 EDT" name="Arraygetstarted" finished-at="2022-09-20T13:24:43 EDT" duration-ms="301" status="PASS">
          <reporter-output>
          </reporter-output>
        </test-method> <!-- Arraygetstarted -->
        <test-method signature="linkedListgetstarted()[pri:3, instance:numpyninja.Tests.HomeTest@7ae0a9ec]" started-at="2022-09-20T13:24:43 EDT" name="linkedListgetstarted" finished-at="2022-09-20T13:24:43 EDT" duration-ms="311" status="PASS">
          <reporter-output>
          </reporter-output>
        </test-method> <!-- linkedListgetstarted -->
        <test-method signature="stackGetstarted()[pri:4, instance:numpyninja.Tests.HomeTest@7ae0a9ec]" started-at="2022-09-20T13:24:43 EDT" name="stackGetstarted" finished-at="2022-09-20T13:24:44 EDT" duration-ms="295" status="PASS">
          <reporter-output>
          </reporter-output>
        </test-method> <!-- stackGetstarted -->
        <test-method signature="queueGetstarted()[pri:5, instance:numpyninja.Tests.HomeTest@7ae0a9ec]" started-at="2022-09-20T13:24:44 EDT" name="queueGetstarted" finished-at="2022-09-20T13:24:44 EDT" duration-ms="381" status="PASS">
          <reporter-output>
          </reporter-output>
        </test-method> <!-- queueGetstarted -->
        <test-method signature="treeGetstarted()[pri:6, instance:numpyninja.Tests.HomeTest@7ae0a9ec]" started-at="2022-09-20T13:24:44 EDT" name="treeGetstarted" finished-at="2022-09-20T13:24:45 EDT" duration-ms="344" status="PASS">
          <reporter-output>
          </reporter-output>
        </test-method> <!-- treeGetstarted -->
        <test-method signature="graphGetstarted()[pri:7, instance:numpyninja.Tests.HomeTest@7ae0a9ec]" started-at="2022-09-20T13:24:45 EDT" name="graphGetstarted" finished-at="2022-09-20T13:24:45 EDT" duration-ms="334" status="PASS">
          <reporter-output>
          </reporter-output>
        </test-method> <!-- graphGetstarted -->
        <test-method signature="SigninValidation()[pri:8, instance:numpyninja.Tests.HomeTest@7ae0a9ec]" started-at="2022-09-20T13:24:45 EDT" name="SigninValidation" finished-at="2022-09-20T13:24:45 EDT" duration-ms="305" status="PASS">
          <reporter-output>
          </reporter-output>
        </test-method> <!-- SigninValidation -->
        <test-method signature="RegisterValidation()[pri:9, instance:numpyninja.Tests.HomeTest@7ae0a9ec]" started-at="2022-09-20T13:24:45 EDT" name="RegisterValidation" finished-at="2022-09-20T13:24:45 EDT" duration-ms="238" status="PASS">
          <reporter-output>
          </reporter-output>
        </test-method> <!-- RegisterValidation -->
      </class> <!-- numpyninja.Tests.HomeTest -->
    </test> <!-- Default test -->
  </suite> <!-- Default suite -->
</testng-results>
