<?xml version="1.0" encoding="UTF-8"?>
<testng-results ignored="0" total="5" passed="5" failed="0" skipped="0">
  <reporter-output>
  </reporter-output>
  <suite started-at="2022-09-22T20:28:48 EDT" name="Default suite" finished-at="2022-09-22T20:29:01 EDT" duration-ms="12661">
    <groups>
    </groups>
    <test started-at="2022-09-22T20:28:48 EDT" name="Default test" finished-at="2022-09-22T20:29:01 EDT" duration-ms="12661">
      <class name="numpyninja.Tests.DataStructureTest">
        <test-method is-config="true" signature="beforetest()[pri:0, instance:numpyninja.Tests.DataStructureTest@7ae0a9ec]" started-at="2022-09-22T20:28:48 EDT" name="beforetest" finished-at="2022-09-22T20:28:55 EDT" duration-ms="6442" status="PASS">
          <reporter-output>
          </reporter-output>
        </test-method> <!-- beforetest -->
        <test-method signature="introDatastructure()[pri:0, instance:numpyninja.Tests.DataStructureTest@7ae0a9ec]" started-at="2022-09-22T20:28:55 EDT" name="introDatastructure" finished-at="2022-09-22T20:28:57 EDT" duration-ms="2352" status="PASS">
          <reporter-output>
          </reporter-output>
        </test-method> <!-- introDatastructure -->
        <test-method signature="TimeComplexity()[pri:1, instance:numpyninja.Tests.DataStructureTest@7ae0a9ec]" started-at="2022-09-22T20:28:57 EDT" name="TimeComplexity" finished-at="2022-09-22T20:28:58 EDT" duration-ms="454" status="PASS">
          <reporter-output>
          </reporter-output>
        </test-method> <!-- TimeComplexity -->
        <test-method signature="PracticeQuestion()[pri:2, instance:numpyninja.Tests.DataStructureTest@7ae0a9ec]" started-at="2022-09-22T20:28:58 EDT" name="PracticeQuestion" finished-at="2022-09-22T20:28:58 EDT" duration-ms="493" status="PASS">
          <reporter-output>
          </reporter-output>
        </test-method> <!-- PracticeQuestion -->
        <test-method signature="TryHere()[pri:3, instance:numpyninja.Tests.DataStructureTest@7ae0a9ec]" started-at="2022-09-22T20:28:58 EDT" name="TryHere" finished-at="2022-09-22T20:28:59 EDT" duration-ms="1203" status="PASS">
          <reporter-output>
          </reporter-output>
        </test-method> <!-- TryHere -->
        <test-method signature="TryEditor()[pri:4, instance:numpyninja.Tests.DataStructureTest@7ae0a9ec]" started-at="2022-09-22T20:28:59 EDT" name="TryEditor" finished-at="2022-09-22T20:29:01 EDT" duration-ms="1349" status="PASS">
          <reporter-output>
          </reporter-output>
        </test-method> <!-- TryEditor -->
      </class> <!-- numpyninja.Tests.DataStructureTest -->
    </test> <!-- Default test -->
  </suite> <!-- Default suite -->
</testng-results>
