<?xml version="1.0" encoding="UTF-8"?>
<testng-results ignored="0" total="5" passed="5" failed="0" skipped="0">
  <reporter-output>
  </reporter-output>
  <suite started-at="2022-09-21T22:05:17 EDT" name="Default suite" finished-at="2022-09-21T22:05:28 EDT" duration-ms="10667">
    <groups>
    </groups>
    <test started-at="2022-09-21T22:05:17 EDT" name="Default test" finished-at="2022-09-21T22:05:28 EDT" duration-ms="10667">
      <class name="numpyninja.Tests.DataStructureTest">
        <test-method is-config="true" signature="beforetest()[pri:0, instance:numpyninja.Tests.DataStructureTest@7ae0a9ec]" started-at="2022-09-21T22:05:17 EDT" name="beforetest" finished-at="2022-09-21T22:05:21 EDT" duration-ms="4368" status="PASS">
          <reporter-output>
          </reporter-output>
        </test-method> <!-- beforetest -->
        <test-method signature="introDatastructure()[pri:0, instance:numpyninja.Tests.DataStructureTest@7ae0a9ec]" started-at="2022-09-21T22:05:22 EDT" name="introDatastructure" finished-at="2022-09-21T22:05:24 EDT" duration-ms="2178" status="PASS">
          <reporter-output>
          </reporter-output>
        </test-method> <!-- introDatastructure -->
        <test-method signature="TimeComplexity()[pri:1, instance:numpyninja.Tests.DataStructureTest@7ae0a9ec]" started-at="2022-09-21T22:05:24 EDT" name="TimeComplexity" finished-at="2022-09-21T22:05:25 EDT" duration-ms="818" status="PASS">
          <reporter-output>
          </reporter-output>
        </test-method> <!-- TimeComplexity -->
        <test-method signature="PracticeQuestion()[pri:2, instance:numpyninja.Tests.DataStructureTest@7ae0a9ec]" started-at="2022-09-21T22:05:25 EDT" name="PracticeQuestion" finished-at="2022-09-21T22:05:25 EDT" duration-ms="417" status="PASS">
          <reporter-output>
          </reporter-output>
        </test-method> <!-- PracticeQuestion -->
        <test-method signature="TryHere()[pri:3, instance:numpyninja.Tests.DataStructureTest@7ae0a9ec]" started-at="2022-09-21T22:05:25 EDT" name="TryHere" finished-at="2022-09-21T22:05:27 EDT" duration-ms="2291" status="PASS">
          <reporter-output>
          </reporter-output>
        </test-method> <!-- TryHere -->
        <test-method signature="TryEditor()[pri:4, instance:numpyninja.Tests.DataStructureTest@7ae0a9ec]" started-at="2022-09-21T22:05:27 EDT" name="TryEditor" finished-at="2022-09-21T22:05:28 EDT" duration-ms="336" status="PASS">
          <reporter-output>
          </reporter-output>
        </test-method> <!-- TryEditor -->
      </class> <!-- numpyninja.Tests.DataStructureTest -->
    </test> <!-- Default test -->
  </suite> <!-- Default suite -->
</testng-results>
