<?xml version="1.0" encoding="UTF-8"?>
<!-- Generated by org.testng.reporters.JUnitXMLReporter -->
<testsuite ignored="0" hostname="MeenuS-World" failures="1" tests="1" name="Test" time="0.146" errors="0" timestamp="2022-09-23T11:55:41 EDT">
  <testcase classname="numpyninja.Tests.LandingPageTest" name="goToPage" time="0.046">
    <failure type="java.lang.NullPointerException">
      <![CDATA[java.lang.NullPointerException
at java.base/java.io.FileInputStream.<init>(FileInputStream.java:149)
at java.base/java.io.FileInputStream.<init>(FileInputStream.java:112)
at numpyninja.Base.BaseTest.initDriver(BaseTest.java:32)
at numpyninja.Base.BaseTest.launchApplication(BaseTest.java:54)
at numpyninja.Tests.LandingPageTest.goToPage(LandingPageTest.java:20)
at java.base/java.util.ArrayList.forEach(ArrayList.java:1541)
... Removed 27 stack frames]]>
    </failure>
  </testcase> <!-- goToPage -->
</testsuite> <!-- Test -->
