<?xml version="1.0" encoding="UTF-8"?>
<!-- Generated by org.testng.reporters.JUnitXMLReporter -->
<testsuite ignored="0" hostname="DESKTOP-LHVOOHO" failures="0" tests="5" name="Default test" time="11.346" errors="0" timestamp="2022-09-27T15:51:28 EDT">
  <testcase classname="numpyninja.Tests.QueueTest" name="impqueuebypython" time="1.872"/>
  <testcase classname="numpyninja.Tests.QueueTest" name="impusingcollectionsdeque" time="1.182"/>
  <testcase classname="numpyninja.Tests.QueueTest" name="impusingarray" time="1.12"/>
  <testcase classname="numpyninja.Tests.QueueTest" name="queueoperations" time="1.066"/>
  <testcase classname="numpyninja.Tests.QueueTest" name="practicequestions" time="0.614"/>
</testsuite> <!-- Default test -->
